<?xml version="1.0" encoding="UTF-8"?>
<testsuite name="properties.SystemPropertiesTests" tests="1" skipped="0" failures="0" errors="0" timestamp="2023-02-27T19:25:32" hostname="LAPTOP-57D3LCEV" time="0.115">
  <properties/>
  <testcase name="simpleProperty4Test()" classname="properties.SystemPropertiesTests" time="0.115"/>
  <system-out><![CDATA[firefox
]]></system-out>
  <system-err><![CDATA[]]></system-err>
</testsuite>
