<?xml version="1.0" encoding="UTF-8"?>
<testsuite name="testForm.ToolsQAPageObjectsTest" tests="1" skipped="0" failures="0" errors="0" timestamp="2023-02-27T19:41:07" hostname="LAPTOP-57D3LCEV" time="22.247">
  <properties/>
  <testcase name="formTest()" classname="testForm.ToolsQAPageObjectsTest" time="22.247"/>
  <system-out><![CDATA[]]></system-out>
  <system-err><![CDATA[[Test worker] INFO com.codeborne.selenide.impl.WebDriverThreadLocalContainer - No webdriver is bound to current thread: 1 - let's create a new webdriver
февр. 27, 2023 10:41:07 PM org.openqa.selenium.remote.tracing.opentelemetry.OpenTelemetryTracer createTracer
INFO: Using OpenTelemetry for tracing
февр. 27, 2023 10:41:15 PM org.openqa.selenium.remote.ProtocolHandshake createSession
INFO: Detected dialect: W3C
[Test worker] INFO com.codeborne.selenide.webdriver.BrowserResizer - Set browser size to 1800x900
[Test worker] INFO com.codeborne.selenide.webdriver.WebDriverFactory - BrowserName=chrome Version=99.0.4844.51 Platform=LINUX
[Test worker] INFO com.codeborne.selenide.webdriver.WebDriverFactory - Selenide v. 6.3.5
[Test worker] INFO com.codeborne.selenide.webdriver.WebDriverFactory - Selenium WebDriver v. 4.1.2 build revision: 9a5a329c5a
[Test worker] INFO com.codeborne.selenide.drivercommands.CreateDriverCommand - Created webdriver in thread 1: RemoteWebDriver -> RemoteWebDriver: chrome on LINUX (ca1319170152d65894bfdf34ba41e3bf)
]]></system-err>
</testsuite>
